

X.Org X Server 1.15.1
Release Date: 2014-04-13
X Protocol Version 11, Revision 0
Build Operating System: Linux 3.2.0-76-generic x86_64 Ubuntu
Current Operating System: Linux localhost 3.18.0-13101-g57e8190 #1 SMP PREEMPT Tue Nov 15 18:24:30 PST 2016 x86_64
Kernel command line: cros_secure console= loglevel=7 init=/sbin/init cros_secure oops=panic panic=-1 root=/dev/dm-0 rootwait ro dm_verity.error_behavior=3 dm_verity.max_bios=-1 dm_verity.dev_wait=1 dm="1 vroot none ro 1,0 3584000 verity payload=PARTUUID=599c4bdc-9f97-1a4d-8b74-0e56ef7dab11/PARTNROFF=1 hashtree=PARTUUID=599c4bdc-9f97-1a4d-8b74-0e56ef7dab11/PARTNROFF=1 hashstart=3584000 alg=sha1 root_hexdigest=48643e133da3a4cff62dbc683f3657248a3e970e salt=865b391ca03964e40c72ca3ea972bf46f244a8169d94d5bfe23c097966e4ab36" noinitrd vt.global_cursor_default=0 kern_guid=599c4bdc-9f97-1a4d-8b74-0e56ef7dab11 add_efi_memmap boot=local noresume noswap i915.modeset=1 tpm_tis.force=1 tpm_tis.interrupts=0 nmi_watchdog=panic,lapic intel_idle.max_cstate=7  
Build Date: 12 February 2015  02:49:29PM
xorg-server 2:1.15.1-0ubuntu2.7 (For technical support please see http://www.ubuntu.com/support) 
Current version of pixman: 0.30.2
	Before reporting problems, check http://wiki.x.org
	to make sure that you have the latest version.
Markers: (--) probed, (**) from config file, (==) default setting,
	(++) from command line, (!!) notice, (II) informational,
	(WW) warning, (EE) error, (NI) not implemented, (??) unknown.
(++) Log file: "/tmp/Xorg.crouton.1.log", Time: Tue Dec 13 18:16:11 2016
(++) Using config file: "/etc/X11/xorg-dummy.conf"
(==) Using system config directory "/usr/share/X11/xorg.conf.d"
Initializing built-in extension Generic Event Extension
Initializing built-in extension SHAPE
Initializing built-in extension MIT-SHM
Initializing built-in extension XInputExtension
Initializing built-in extension XTEST
Initializing built-in extension BIG-REQUESTS
Initializing built-in extension SYNC
Initializing built-in extension XKEYBOARD
Initializing built-in extension XC-MISC
Initializing built-in extension SECURITY
Initializing built-in extension XINERAMA
Initializing built-in extension XFIXES
Initializing built-in extension RENDER
Initializing built-in extension RANDR
Initializing built-in extension COMPOSITE
Initializing built-in extension DAMAGE
Initializing built-in extension MIT-SCREEN-SAVER
Initializing built-in extension DOUBLE-BUFFER
Initializing built-in extension RECORD
Initializing built-in extension DPMS
Initializing built-in extension Present
Initializing built-in extension DRI3
Initializing built-in extension X-Resource
Initializing built-in extension XVideo
Initializing built-in extension XVideo-MotionCompensation
Initializing built-in extension SELinux
Initializing built-in extension XFree86-VidModeExtension
Initializing built-in extension XFree86-DGA
Initializing built-in extension XFree86-DRI
Initializing built-in extension DRI2
Loading extension GLX
/usr/bin/xinit: XFree86_VT property unexpectedly has 0 items instead of 1
crouton: version 1-20161116131524~master:9db73043
release: trusty
architecture: amd64
xmethod: xorg
targets: xorg,xiwi,keyboard
host: version 8743.85.0 (Official Build) stable-channel chell 
kernel: Linux localhost 3.18.0-13101-g57e8190 #1 SMP PREEMPT Tue Nov 15 18:24:30 PST 2016 x86_64 x86_64 x86_64 GNU/Linux
freon: yes
Error: not connected.
Cannot connect to extension, retrying...
Error: not connected.
Cannot connect to extension, retrying...
Connected to extension, launched crouton in a window.
deciding for version 4 due to this line: # i3 config file (v4)
12/13/2016 06:16:14 PM - ERROR: Could not translate string to key symbol: "button2"
Cannot open /sys/class/tty/tty0/active: No such file or directory
Error: target STRING not available
content/mplab/mplab.deviceSupport
content/mplab/PluginBoardSupport.xml
12/13/2016 06:18:18 PM - ERROR: Could not translate string to key symbol: "button2"
12/13/2016 06:18:18 PM - ERROR: Could not translate string to key symbol: "button2"
Running exit commands...
/usr/bin/xinit: connection to X server lost

waiting for X server to shut down Hangup
Hangup
(EE) Server terminated successfully (0). Closing log file.



X.Org X Server 1.15.1
Release Date: 2014-04-13
X Protocol Version 11, Revision 0
Build Operating System: Linux 3.2.0-76-generic x86_64 Ubuntu
Current Operating System: Linux localhost 3.18.0-13101-g57e8190 #1 SMP PREEMPT Tue Nov 15 18:24:30 PST 2016 x86_64
Kernel command line: cros_secure console= loglevel=7 init=/sbin/init cros_secure oops=panic panic=-1 root=/dev/dm-0 rootwait ro dm_verity.error_behavior=3 dm_verity.max_bios=-1 dm_verity.dev_wait=1 dm="1 vroot none ro 1,0 3584000 verity payload=PARTUUID=599c4bdc-9f97-1a4d-8b74-0e56ef7dab11/PARTNROFF=1 hashtree=PARTUUID=599c4bdc-9f97-1a4d-8b74-0e56ef7dab11/PARTNROFF=1 hashstart=3584000 alg=sha1 root_hexdigest=48643e133da3a4cff62dbc683f3657248a3e970e salt=865b391ca03964e40c72ca3ea972bf46f244a8169d94d5bfe23c097966e4ab36" noinitrd vt.global_cursor_default=0 kern_guid=599c4bdc-9f97-1a4d-8b74-0e56ef7dab11 add_efi_memmap boot=local noresume noswap i915.modeset=1 tpm_tis.force=1 tpm_tis.interrupts=0 nmi_watchdog=panic,lapic intel_idle.max_cstate=7  
Build Date: 12 February 2015  02:49:29PM
xorg-server 2:1.15.1-0ubuntu2.7 (For technical support please see http://www.ubuntu.com/support) 
Current version of pixman: 0.30.2
	Before reporting problems, check http://wiki.x.org
	to make sure that you have the latest version.
Markers: (--) probed, (**) from config file, (==) default setting,
	(++) from command line, (!!) notice, (II) informational,
	(WW) warning, (EE) error, (NI) not implemented, (??) unknown.
(++) Log file: "/tmp/Xorg.crouton.1.log", Time: Tue Dec 13 23:11:34 2016
(++) Using config file: "/etc/X11/xorg-dummy.conf"
(==) Using system config directory "/usr/share/X11/xorg.conf.d"
Initializing built-in extension Generic Event Extension
Initializing built-in extension SHAPE
Initializing built-in extension MIT-SHM
Initializing built-in extension XInputExtension
Initializing built-in extension XTEST
Initializing built-in extension BIG-REQUESTS
Initializing built-in extension SYNC
Initializing built-in extension XKEYBOARD
Initializing built-in extension XC-MISC
Initializing built-in extension SECURITY
Initializing built-in extension XINERAMA
Initializing built-in extension XFIXES
Initializing built-in extension RENDER
Initializing built-in extension RANDR
Initializing built-in extension COMPOSITE
Initializing built-in extension DAMAGE
Initializing built-in extension MIT-SCREEN-SAVER
Initializing built-in extension DOUBLE-BUFFER
Initializing built-in extension RECORD
Initializing built-in extension DPMS
Initializing built-in extension Present
Initializing built-in extension DRI3
Initializing built-in extension X-Resource
Initializing built-in extension XVideo
Initializing built-in extension XVideo-MotionCompensation
Initializing built-in extension SELinux
Initializing built-in extension XFree86-VidModeExtension
Initializing built-in extension XFree86-DGA
Initializing built-in extension XFree86-DRI
Initializing built-in extension DRI2
Loading extension GLX
/usr/bin/xinit: XFree86_VT property unexpectedly has 0 items instead of 1
crouton: version 1-20161116131524~master:9db73043
release: trusty
architecture: amd64
xmethod: xorg
targets: xorg,xiwi,keyboard
host: version 8743.85.0 (Official Build) stable-channel chell 
kernel: Linux localhost 3.18.0-13101-g57e8190 #1 SMP PREEMPT Tue Nov 15 18:24:30 PST 2016 x86_64 x86_64 x86_64 GNU/Linux
freon: yes
Error: not connected.
Cannot connect to extension, retrying...
Error: not connected.
Cannot connect to extension, retrying...
Error: not connected.
Cannot connect to extension, retrying...
Cannot open /sys/class/tty/tty0/active: No such file or directory
Connected to extension, launched crouton in a window.
deciding for version 4 due to this line: # i3 config file (v4)
12/13/2016 11:11:38 PM - ERROR: Could not translate string to key symbol: "button2"
Error: target STRING not available
content/mplab/mplab.deviceSupport
content/mplab/PluginBoardSupport.xml
12/13/2016 11:13:54 PM - ERROR: Could not translate string to key symbol: "button2"
12/13/2016 11:13:54 PM - ERROR: Could not translate string to key symbol: "button2"
Running exit commands...
/usr/bin/xinit: connection to X server lost

waiting for X server to shut down Hangup
Hangup
(EE) Server terminated successfully (0). Closing log file.

